<?xml version="1.0" encoding="UTF-8"?>
<!-- Generated by org.testng.reporters.JUnitReportReporter -->
<testsuite skipped="0" hostname="DESKTOP-E8KE60Q" name="GitJenkinLoad" tests="1" failures="0" timestamp="2022-04-23T08:32:04 BST" time="18.647" errors="0">
  <testcase name="test1" time="18.647" classname="GitJenkinLoad"/>
  <system-out/>
</testsuite> <!-- GitJenkinLoad -->
